0 2
1 9
2 4
3 3
4 2
5 3
6 4
7 6
8 6
9 2
10 3
11 2
12 1
13 4
14 1
15 4
16 2
17 0
18 1
19 5
20 0
21 6
22 6
23 2
24 2
25 9
26 1
27 0
28 2
29 5
30 5
31 1
32 4
33 9
34 1
35 5
36 1
37 9
38 1
39 4
40 3
41 2
42 1
43 1
44 8
45 9
46 7
47 4
48 8
49 7
50 2
51 6
52 3
53 7
54 1
55 5
56 0
57 8
58 0
59 0
60 4
61 1
62 0
63 0
64 4
65 0
66 8
67 7
68 6
69 2
70 0
71 1
72 3
73 7
74 3
75 8
76 0
77 6
78 6
79 5
80 5
81 3
82 5
83 7
84 3
85 1
86 8
87 0
88 7
89 9
90 2
91 8
92 8
93 2
94 5
95 0
96 0
97 0
98 3
99 1
100 4
101 5
102 3
103 9
104 2
105 9
106 4
107 3
108 6
109 9
110 7
111 6
112 8
113 0
114 7
